<?xml version="1.0" encoding="UTF-8"?>
<robot generator="Robot 6.0.1 (Python 3.11.1 on darwin)" generated="20230104 13:06:28.103" rpa="false" schemaversion="3">
<suite id="s1" name="FillContactFormTest" source="/Users/paulinamurzanska/Desktop/TriplePointContactFormDemo/TriplePointContactFormSeleniumTest/Tests/FillContactFormTest/FillContactFormTest.robot">
<test id="s1-t1" name="Fill contact form for Triple Point" line="23">
<kw name="Start Test Case" library="CommonFunctionalities" type="SETUP">
<kw name="Open Browser" library="SeleniumLibrary">
<arg>${url}</arg>
<arg>${browser}</arg>
<doc>Opens a new browser instance to the optional ``url``.</doc>
<msg timestamp="20230104 13:06:28.251" level="INFO">Opening browser 'Chrome' to base url 'https://www.triplepoint.co.uk/contact-us/4/'.</msg>
<status status="PASS" starttime="20230104 13:06:28.251" endtime="20230104 13:06:32.894"/>
</kw>
<kw name="Maximize Browser Window" library="SeleniumLibrary">
<doc>Maximizes current browser window.</doc>
<status status="PASS" starttime="20230104 13:06:32.895" endtime="20230104 13:06:33.364"/>
</kw>
<kw name="Sleep" library="BuiltIn">
<arg>1s</arg>
<doc>Pauses the test executed for the given time.</doc>
<msg timestamp="20230104 13:06:34.365" level="INFO">Slept 1 second</msg>
<status status="PASS" starttime="20230104 13:06:33.364" endtime="20230104 13:06:34.365"/>
</kw>
<status status="PASS" starttime="20230104 13:06:28.251" endtime="20230104 13:06:34.365"/>
</kw>
<kw name="Accept policy buttons">
<kw name="Click Element" library="SeleniumLibrary">
<arg>${InitialWindowPopupAcceptBtn}</arg>
<doc>Click the element identified by ``locator``.</doc>
<msg timestamp="20230104 13:06:34.367" level="INFO">Clicking element 'id:popupWindowAccept'.</msg>
<status status="PASS" starttime="20230104 13:06:34.366" endtime="20230104 13:06:34.410"/>
</kw>
<kw name="Wait Until Page Contains Element" library="SeleniumLibrary">
<arg>${AcceptCookiesBtn}</arg>
<doc>Waits until the element ``locator`` appears on the current page.</doc>
<status status="PASS" starttime="20230104 13:06:34.410" endtime="20230104 13:06:34.422"/>
</kw>
<kw name="Run KeyWord untill success">
<arg>click element</arg>
<arg>${AcceptCookiesBtn}</arg>
<kw name="Wait Until Keyword Succeeds" library="BuiltIn">
<arg>5s</arg>
<arg>1s</arg>
<arg>${KW}</arg>
<arg>${KWARGS}</arg>
<doc>Runs the specified keyword and retries if it fails.</doc>
<kw name="Click Element" library="SeleniumLibrary">
<arg>${KWARGS}</arg>
<doc>Click the element identified by ``locator``.</doc>
<msg timestamp="20230104 13:06:34.426" level="INFO">Clicking element 'xpath://*[@id="ccd_cookie_bar_btn_accept_desktop"]'.</msg>
<status status="PASS" starttime="20230104 13:06:34.426" endtime="20230104 13:06:34.749"/>
</kw>
<status status="PASS" starttime="20230104 13:06:34.422" endtime="20230104 13:06:34.749"/>
</kw>
<status status="PASS" starttime="20230104 13:06:34.422" endtime="20230104 13:06:34.749"/>
</kw>
<kw name="Sleep" library="BuiltIn">
<arg>2s</arg>
<doc>Pauses the test executed for the given time.</doc>
<msg timestamp="20230104 13:06:36.750" level="INFO">Slept 2 seconds</msg>
<status status="PASS" starttime="20230104 13:06:34.749" endtime="20230104 13:06:36.751"/>
</kw>
<status status="PASS" starttime="20230104 13:06:34.365" endtime="20230104 13:06:36.751"/>
</kw>
<kw name="Select subject of interests" library="ContactForm">
<kw name="Click Element" library="SeleniumLibrary">
<arg>${SelectInterests}</arg>
<doc>Click the element identified by ``locator``.</doc>
<msg timestamp="20230104 13:06:36.752" level="INFO">Clicking element 'xpath://*[@id="blockWrapper35238_0_0_1370_0_0"]/div'.</msg>
<status status="PASS" starttime="20230104 13:06:36.752" endtime="20230104 13:06:36.815"/>
</kw>
<kw name="Sleep" library="BuiltIn">
<arg>1s</arg>
<doc>Pauses the test executed for the given time.</doc>
<msg timestamp="20230104 13:06:37.816" level="INFO">Slept 1 second</msg>
<status status="PASS" starttime="20230104 13:06:36.815" endtime="20230104 13:06:37.816"/>
</kw>
<kw name="Click Element" library="SeleniumLibrary">
<arg>${GeneralInquiries}</arg>
<doc>Click the element identified by ``locator``.</doc>
<msg timestamp="20230104 13:06:37.816" level="INFO">Clicking element 'id:val35241'.</msg>
<status status="PASS" starttime="20230104 13:06:37.816" endtime="20230104 13:06:37.856"/>
</kw>
<status status="PASS" starttime="20230104 13:06:36.751" endtime="20230104 13:06:37.856"/>
</kw>
<kw name="Select contact method" library="ContactForm">
<kw name="Click Element" library="SeleniumLibrary">
<arg>${SelectContactMethod}</arg>
<doc>Click the element identified by ``locator``.</doc>
<msg timestamp="20230104 13:06:37.857" level="INFO">Clicking element 'id:forfield1381_0_0_1370_0_0'.</msg>
<status status="PASS" starttime="20230104 13:06:37.857" endtime="20230104 13:06:37.900"/>
</kw>
<kw name="Sleep" library="BuiltIn">
<arg>1s</arg>
<doc>Pauses the test executed for the given time.</doc>
<msg timestamp="20230104 13:06:38.901" level="INFO">Slept 1 second</msg>
<status status="PASS" starttime="20230104 13:06:37.900" endtime="20230104 13:06:38.901"/>
</kw>
<kw name="Click Element" library="SeleniumLibrary">
<arg>${ContactByEmailMethod}</arg>
<doc>Click the element identified by ``locator``.</doc>
<msg timestamp="20230104 13:06:38.901" level="INFO">Clicking element 'id:val1392'.</msg>
<status status="PASS" starttime="20230104 13:06:38.901" endtime="20230104 13:06:38.939"/>
</kw>
<status status="PASS" starttime="20230104 13:06:37.856" endtime="20230104 13:06:38.939"/>
</kw>
<kw name="Complete name field" library="ContactForm">
<kw name="Input Text" library="SeleniumLibrary">
<arg>${NameInput}</arg>
<arg>${form_fill_data.name}</arg>
<doc>Types the given ``text`` into the text field identified by ``locator``.</doc>
<msg timestamp="20230104 13:06:38.940" level="INFO">Typing text 'John' into text field 'id:field1377_0_0_1370_0_0'.</msg>
<status status="PASS" starttime="20230104 13:06:38.939" endtime="20230104 13:06:39.120"/>
</kw>
<kw name="Sleep" library="BuiltIn">
<arg>0.5s</arg>
<doc>Pauses the test executed for the given time.</doc>
<msg timestamp="20230104 13:06:39.621" level="INFO">Slept 500 milliseconds</msg>
<status status="PASS" starttime="20230104 13:06:39.120" endtime="20230104 13:06:39.621"/>
</kw>
<status status="PASS" starttime="20230104 13:06:38.939" endtime="20230104 13:06:39.622"/>
</kw>
<kw name="Complete last name field" library="ContactForm">
<kw name="Input Text" library="SeleniumLibrary">
<arg>${LastNameInput}</arg>
<arg>${form_fill_data.lastName}</arg>
<doc>Types the given ``text`` into the text field identified by ``locator``.</doc>
<msg timestamp="20230104 13:06:39.624" level="INFO">Typing text 'Smith' into text field 'id:field1378_0_0_1370_0_0'.</msg>
<status status="PASS" starttime="20230104 13:06:39.622" endtime="20230104 13:06:39.697"/>
</kw>
<kw name="Sleep" library="BuiltIn">
<arg>0.5s</arg>
<doc>Pauses the test executed for the given time.</doc>
<msg timestamp="20230104 13:06:40.198" level="INFO">Slept 500 milliseconds</msg>
<status status="PASS" starttime="20230104 13:06:39.697" endtime="20230104 13:06:40.198"/>
</kw>
<status status="PASS" starttime="20230104 13:06:39.622" endtime="20230104 13:06:40.198"/>
</kw>
<kw name="Complete company field" library="ContactForm">
<kw name="Input Text" library="SeleniumLibrary">
<arg>${CompanyNameInput}</arg>
<arg>${form_fill_data.company}</arg>
<doc>Types the given ``text`` into the text field identified by ``locator``.</doc>
<msg timestamp="20230104 13:06:40.200" level="INFO">Typing text 'World.inc' into text field 'id:field1379_0_0_1370_0_0'.</msg>
<status status="PASS" starttime="20230104 13:06:40.199" endtime="20230104 13:06:40.274"/>
</kw>
<kw name="Sleep" library="BuiltIn">
<arg>0.5s</arg>
<doc>Pauses the test executed for the given time.</doc>
<msg timestamp="20230104 13:06:40.774" level="INFO">Slept 500 milliseconds</msg>
<status status="PASS" starttime="20230104 13:06:40.274" endtime="20230104 13:06:40.775"/>
</kw>
<status status="PASS" starttime="20230104 13:06:40.199" endtime="20230104 13:06:40.775"/>
</kw>
<kw name="Complete email field" library="ContactForm">
<kw name="Input Text" library="SeleniumLibrary">
<arg>${EmailAddressInput}</arg>
<arg>${form_fill_data.email}</arg>
<doc>Types the given ``text`` into the text field identified by ``locator``.</doc>
<msg timestamp="20230104 13:06:40.776" level="INFO">Typing text 'world@world.com' into text field 'id:field1382_0_0_1370_0_0'.</msg>
<status status="PASS" starttime="20230104 13:06:40.775" endtime="20230104 13:06:40.850"/>
</kw>
<kw name="Sleep" library="BuiltIn">
<arg>0.5s</arg>
<doc>Pauses the test executed for the given time.</doc>
<msg timestamp="20230104 13:06:41.351" level="INFO">Slept 500 milliseconds</msg>
<status status="PASS" starttime="20230104 13:06:40.850" endtime="20230104 13:06:41.351"/>
</kw>
<status status="PASS" starttime="20230104 13:06:40.775" endtime="20230104 13:06:41.351"/>
</kw>
<kw name="Complete phone field" library="ContactForm">
<kw name="Input Text" library="SeleniumLibrary">
<arg>${PhoneInput}</arg>
<arg>${form_fill_data.tel}</arg>
<doc>Types the given ``text`` into the text field identified by ``locator``.</doc>
<msg timestamp="20230104 13:06:41.352" level="INFO">Typing text '0044 999 888 777' into text field 'id:field1383_0_0_1370_0_0'.</msg>
<status status="PASS" starttime="20230104 13:06:41.351" endtime="20230104 13:06:41.432"/>
</kw>
<kw name="Sleep" library="BuiltIn">
<arg>0.5s</arg>
<doc>Pauses the test executed for the given time.</doc>
<msg timestamp="20230104 13:06:41.932" level="INFO">Slept 500 milliseconds</msg>
<status status="PASS" starttime="20230104 13:06:41.432" endtime="20230104 13:06:41.932"/>
</kw>
<status status="PASS" starttime="20230104 13:06:41.351" endtime="20230104 13:06:41.933"/>
</kw>
<kw name="Complete comments field" library="ContactForm">
<kw name="Input Text" library="SeleniumLibrary">
<arg>${CommentsInput}</arg>
<arg>${form_fill_data.comment}</arg>
<doc>Types the given ``text`` into the text field identified by ``locator``.</doc>
<msg timestamp="20230104 13:06:41.935" level="INFO">Typing text 'Hello, this is QA Sofomo test' into text field 'id:field1384_0_0_1370_0_0'.</msg>
<status status="PASS" starttime="20230104 13:06:41.933" endtime="20230104 13:06:42.030"/>
</kw>
<kw name="Sleep" library="BuiltIn">
<arg>0.5s</arg>
<doc>Pauses the test executed for the given time.</doc>
<msg timestamp="20230104 13:06:42.531" level="INFO">Slept 500 milliseconds</msg>
<status status="PASS" starttime="20230104 13:06:42.030" endtime="20230104 13:06:42.531"/>
</kw>
<status status="PASS" starttime="20230104 13:06:41.933" endtime="20230104 13:06:42.531"/>
</kw>
<kw name="Confirm privacy policy" library="ContactForm">
<kw name="Click Element" library="SeleniumLibrary">
<arg>${ConfirmPolicyCheckbox}</arg>
<doc>Click the element identified by ``locator``.</doc>
<msg timestamp="20230104 13:06:42.532" level="INFO">Clicking element 'id:forplaceholder_checkbox_field1395_0_0_1370_0_0'.</msg>
<status status="PASS" starttime="20230104 13:06:42.531" endtime="20230104 13:06:42.599"/>
</kw>
<kw name="Sleep" library="BuiltIn">
<arg>1s</arg>
<doc>Pauses the test executed for the given time.</doc>
<msg timestamp="20230104 13:06:43.601" level="INFO">Slept 1 second</msg>
<status status="PASS" starttime="20230104 13:06:42.599" endtime="20230104 13:06:43.601"/>
</kw>
<status status="PASS" starttime="20230104 13:06:42.531" endtime="20230104 13:06:43.602"/>
</kw>
<kw name="Submit form" library="ContactForm">
<kw name="Click Element" library="SeleniumLibrary">
<arg>${FormSubmitBtn}</arg>
<doc>Click the element identified by ``locator``.</doc>
<msg timestamp="20230104 13:06:43.603" level="INFO">Clicking element 'id:cpFormSubmit1370'.</msg>
<status status="PASS" starttime="20230104 13:06:43.602" endtime="20230104 13:06:43.646"/>
</kw>
<status status="PASS" starttime="20230104 13:06:43.602" endtime="20230104 13:06:43.646"/>
</kw>
<kw name="Sleep" library="BuiltIn">
<arg>5s</arg>
<doc>Pauses the test executed for the given time.</doc>
<msg timestamp="20230104 13:06:48.647" level="INFO">Slept 5 seconds</msg>
<status status="PASS" starttime="20230104 13:06:43.646" endtime="20230104 13:06:48.647"/>
</kw>
<kw name="End Test Case" library="CommonFunctionalities" type="TEARDOWN">
<kw name="Close Browser" library="SeleniumLibrary">
<doc>Closes the current browser.</doc>
<status status="PASS" starttime="20230104 13:06:48.648" endtime="20230104 13:06:48.778"/>
</kw>
<status status="PASS" starttime="20230104 13:06:48.648" endtime="20230104 13:06:48.778"/>
</kw>
<status status="PASS" starttime="20230104 13:06:28.250" endtime="20230104 13:06:48.778"/>
</test>
<doc>Fill contact form for Triple Point</doc>
<status status="PASS" starttime="20230104 13:06:28.105" endtime="20230104 13:06:48.779"/>
</suite>
<statistics>
<total>
<stat pass="1" fail="0" skip="0">All Tests</stat>
</total>
<tag>
</tag>
<suite>
<stat pass="1" fail="0" skip="0" id="s1" name="FillContactFormTest">FillContactFormTest</stat>
</suite>
</statistics>
<errors>
</errors>
</robot>
