<?xml version="1.0" encoding="UTF-8"?>
<robot generator="Robot 6.0.1 (Python 3.11.1 on darwin)" generated="20230104 15:11:12.716" rpa="false" schemaversion="3">
<suite id="s1" name="FillContactFormTest" source="/Users/paulinamurzanska/Desktop/TriplePointContactFormDemo/TriplePointContactFormSeleniumTest/Tests/FillContactFormTest/FillContactFormTest.robot">
<test id="s1-t1" name="Fill contact form for Triple Point" line="25">
<kw name="Start Test Case" library="CommonFunctionalities" type="SETUP">
<kw name="Open Browser" library="SeleniumLibrary">
<arg>${url}</arg>
<arg>${browser}</arg>
<doc>Opens a new browser instance to the optional ``url``.</doc>
<msg timestamp="20230104 15:11:12.871" level="INFO">Opening browser 'Chrome' to base url 'https://www.triplepoint.co.uk/contact-us/4/'.</msg>
<status status="PASS" starttime="20230104 15:11:12.871" endtime="20230104 15:11:18.229"/>
</kw>
<kw name="Maximize Browser Window" library="SeleniumLibrary">
<doc>Maximizes current browser window.</doc>
<status status="PASS" starttime="20230104 15:11:18.229" endtime="20230104 15:11:18.717"/>
</kw>
<kw name="Sleep" library="BuiltIn">
<arg>1s</arg>
<doc>Pauses the test executed for the given time.</doc>
<msg timestamp="20230104 15:11:19.717" level="INFO">Slept 1 second</msg>
<status status="PASS" starttime="20230104 15:11:18.717" endtime="20230104 15:11:19.718"/>
</kw>
<status status="PASS" starttime="20230104 15:11:12.870" endtime="20230104 15:11:19.718"/>
</kw>
<kw name="Accept policy buttons">
<kw name="Click Element" library="SeleniumLibrary">
<arg>${InitialWindowPopupAcceptBtn}</arg>
<doc>Click the element identified by ``locator``.</doc>
<msg timestamp="20230104 15:11:19.720" level="INFO">Clicking element 'id:popupWindowAccept'.</msg>
<status status="PASS" starttime="20230104 15:11:19.719" endtime="20230104 15:11:19.767"/>
</kw>
<kw name="Sleep" library="BuiltIn">
<arg>3s</arg>
<doc>Pauses the test executed for the given time.</doc>
<msg timestamp="20230104 15:11:22.770" level="INFO">Slept 3 seconds</msg>
<status status="PASS" starttime="20230104 15:11:19.767" endtime="20230104 15:11:22.770"/>
</kw>
<kw name="Wait Until Page Contains Element" library="SeleniumLibrary">
<arg>${AcceptCookiesBtn}</arg>
<doc>Waits until the element ``locator`` appears on the current page.</doc>
<status status="PASS" starttime="20230104 15:11:22.770" endtime="20230104 15:11:22.784"/>
</kw>
<kw name="Scroll Element Into View" library="SeleniumLibrary">
<arg>${AcceptCookiesBtn}</arg>
<doc>Scrolls the element identified by ``locator`` into view.</doc>
<status status="PASS" starttime="20230104 15:11:22.785" endtime="20230104 15:11:23.051"/>
</kw>
<kw name="Run KeyWord untill success">
<arg>click element</arg>
<arg>${AcceptCookiesBtn}</arg>
<kw name="Wait Until Keyword Succeeds" library="BuiltIn">
<arg>5s</arg>
<arg>1s</arg>
<arg>${KW}</arg>
<arg>${KWARGS}</arg>
<doc>Runs the specified keyword and retries if it fails.</doc>
<kw name="Click Element" library="SeleniumLibrary">
<arg>${KWARGS}</arg>
<doc>Click the element identified by ``locator``.</doc>
<msg timestamp="20230104 15:11:23.057" level="INFO">Clicking element 'xpath://*[@id="ccd_cookie_bar_btn_accept_desktop"]'.</msg>
<status status="PASS" starttime="20230104 15:11:23.056" endtime="20230104 15:11:23.106"/>
</kw>
<status status="PASS" starttime="20230104 15:11:23.052" endtime="20230104 15:11:23.106"/>
</kw>
<status status="PASS" starttime="20230104 15:11:23.051" endtime="20230104 15:11:23.106"/>
</kw>
<kw name="Sleep" library="BuiltIn">
<arg>2s</arg>
<doc>Pauses the test executed for the given time.</doc>
<msg timestamp="20230104 15:11:25.107" level="INFO">Slept 2 seconds</msg>
<status status="PASS" starttime="20230104 15:11:23.106" endtime="20230104 15:11:25.107"/>
</kw>
<status status="PASS" starttime="20230104 15:11:19.718" endtime="20230104 15:11:25.108"/>
</kw>
<kw name="Scroll Element Into View" library="SeleniumLibrary">
<arg>id:contact</arg>
<doc>Scrolls the element identified by ``locator`` into view.</doc>
<status status="PASS" starttime="20230104 15:11:25.108" endtime="20230104 15:11:25.400"/>
</kw>
<kw name="Select subject of interests" library="ContactForm">
<kw name="Click Element" library="SeleniumLibrary">
<arg>${SelectInterests}</arg>
<doc>Click the element identified by ``locator``.</doc>
<msg timestamp="20230104 15:11:25.401" level="INFO">Clicking element 'xpath://*[@id="blockWrapper35238_0_0_1370_0_0"]/div'.</msg>
<status status="PASS" starttime="20230104 15:11:25.401" endtime="20230104 15:11:25.439"/>
</kw>
<kw name="Sleep" library="BuiltIn">
<arg>1s</arg>
<doc>Pauses the test executed for the given time.</doc>
<msg timestamp="20230104 15:11:26.441" level="INFO">Slept 1 second</msg>
<status status="PASS" starttime="20230104 15:11:25.439" endtime="20230104 15:11:26.441"/>
</kw>
<kw name="Click Element" library="SeleniumLibrary">
<arg>${GeneralInquiries}</arg>
<doc>Click the element identified by ``locator``.</doc>
<msg timestamp="20230104 15:11:26.442" level="INFO">Clicking element 'id:val35241'.</msg>
<status status="PASS" starttime="20230104 15:11:26.441" endtime="20230104 15:11:26.487"/>
</kw>
<status status="PASS" starttime="20230104 15:11:25.401" endtime="20230104 15:11:26.487"/>
</kw>
<kw name="Select contact method" library="ContactForm">
<kw name="Click Element" library="SeleniumLibrary">
<arg>${SelectContactMethod}</arg>
<doc>Click the element identified by ``locator``.</doc>
<msg timestamp="20230104 15:11:26.488" level="INFO">Clicking element 'id:forfield1381_0_0_1370_0_0'.</msg>
<status status="PASS" starttime="20230104 15:11:26.487" endtime="20230104 15:11:26.533"/>
</kw>
<kw name="Sleep" library="BuiltIn">
<arg>1s</arg>
<doc>Pauses the test executed for the given time.</doc>
<msg timestamp="20230104 15:11:27.536" level="INFO">Slept 1 second</msg>
<status status="PASS" starttime="20230104 15:11:26.533" endtime="20230104 15:11:27.536"/>
</kw>
<kw name="Click Element" library="SeleniumLibrary">
<arg>${ContactByEmailMethod}</arg>
<doc>Click the element identified by ``locator``.</doc>
<msg timestamp="20230104 15:11:27.537" level="INFO">Clicking element 'id:val1392'.</msg>
<status status="PASS" starttime="20230104 15:11:27.536" endtime="20230104 15:11:27.580"/>
</kw>
<status status="PASS" starttime="20230104 15:11:26.487" endtime="20230104 15:11:27.580"/>
</kw>
<kw name="Complete name field" library="ContactForm">
<kw name="Input Text" library="SeleniumLibrary">
<arg>${NameInput}</arg>
<arg>${form_fill_data.name}</arg>
<doc>Types the given ``text`` into the text field identified by ``locator``.</doc>
<msg timestamp="20230104 15:11:27.581" level="INFO">Typing text 'John' into text field 'id:field1377_0_0_1370_0_0'.</msg>
<status status="PASS" starttime="20230104 15:11:27.580" endtime="20230104 15:11:27.737"/>
</kw>
<kw name="Sleep" library="BuiltIn">
<arg>0.5s</arg>
<doc>Pauses the test executed for the given time.</doc>
<msg timestamp="20230104 15:11:28.238" level="INFO">Slept 500 milliseconds</msg>
<status status="PASS" starttime="20230104 15:11:27.737" endtime="20230104 15:11:28.238"/>
</kw>
<status status="PASS" starttime="20230104 15:11:27.580" endtime="20230104 15:11:28.238"/>
</kw>
<kw name="Complete last name field" library="ContactForm">
<kw name="Input Text" library="SeleniumLibrary">
<arg>${LastNameInput}</arg>
<arg>${form_fill_data.lastName}</arg>
<doc>Types the given ``text`` into the text field identified by ``locator``.</doc>
<msg timestamp="20230104 15:11:28.240" level="INFO">Typing text 'Smith' into text field 'id:field1378_0_0_1370_0_0'.</msg>
<status status="PASS" starttime="20230104 15:11:28.239" endtime="20230104 15:11:28.307"/>
</kw>
<kw name="Sleep" library="BuiltIn">
<arg>0.5s</arg>
<doc>Pauses the test executed for the given time.</doc>
<msg timestamp="20230104 15:11:28.809" level="INFO">Slept 500 milliseconds</msg>
<status status="PASS" starttime="20230104 15:11:28.307" endtime="20230104 15:11:28.810"/>
</kw>
<status status="PASS" starttime="20230104 15:11:28.238" endtime="20230104 15:11:28.810"/>
</kw>
<kw name="Complete company field" library="ContactForm">
<kw name="Input Text" library="SeleniumLibrary">
<arg>${CompanyNameInput}</arg>
<arg>${form_fill_data.company}</arg>
<doc>Types the given ``text`` into the text field identified by ``locator``.</doc>
<msg timestamp="20230104 15:11:28.813" level="INFO">Typing text 'World.inc' into text field 'id:field1379_0_0_1370_0_0'.</msg>
<status status="PASS" starttime="20230104 15:11:28.810" endtime="20230104 15:11:28.883"/>
</kw>
<kw name="Sleep" library="BuiltIn">
<arg>0.5s</arg>
<doc>Pauses the test executed for the given time.</doc>
<msg timestamp="20230104 15:11:29.385" level="INFO">Slept 500 milliseconds</msg>
<status status="PASS" starttime="20230104 15:11:28.883" endtime="20230104 15:11:29.385"/>
</kw>
<status status="PASS" starttime="20230104 15:11:28.810" endtime="20230104 15:11:29.385"/>
</kw>
<kw name="Complete email field" library="ContactForm">
<kw name="Input Text" library="SeleniumLibrary">
<arg>${EmailAddressInput}</arg>
<arg>${form_fill_data.email}</arg>
<doc>Types the given ``text`` into the text field identified by ``locator``.</doc>
<msg timestamp="20230104 15:11:29.387" level="INFO">Typing text 'world@world.com' into text field 'id:field1382_0_0_1370_0_0'.</msg>
<status status="PASS" starttime="20230104 15:11:29.386" endtime="20230104 15:11:29.471"/>
</kw>
<kw name="Sleep" library="BuiltIn">
<arg>0.5s</arg>
<doc>Pauses the test executed for the given time.</doc>
<msg timestamp="20230104 15:11:29.971" level="INFO">Slept 500 milliseconds</msg>
<status status="PASS" starttime="20230104 15:11:29.471" endtime="20230104 15:11:29.972"/>
</kw>
<status status="PASS" starttime="20230104 15:11:29.386" endtime="20230104 15:11:29.972"/>
</kw>
<kw name="Complete phone field" library="ContactForm">
<kw name="Input Text" library="SeleniumLibrary">
<arg>${PhoneInput}</arg>
<arg>${form_fill_data.tel}</arg>
<doc>Types the given ``text`` into the text field identified by ``locator``.</doc>
<msg timestamp="20230104 15:11:29.974" level="INFO">Typing text '0044 999 888 777' into text field 'id:field1383_0_0_1370_0_0'.</msg>
<status status="PASS" starttime="20230104 15:11:29.972" endtime="20230104 15:11:30.048"/>
</kw>
<kw name="Sleep" library="BuiltIn">
<arg>0.5s</arg>
<doc>Pauses the test executed for the given time.</doc>
<msg timestamp="20230104 15:11:30.548" level="INFO">Slept 500 milliseconds</msg>
<status status="PASS" starttime="20230104 15:11:30.048" endtime="20230104 15:11:30.549"/>
</kw>
<status status="PASS" starttime="20230104 15:11:29.972" endtime="20230104 15:11:30.549"/>
</kw>
<kw name="Complete comments field" library="ContactForm">
<kw name="Input Text" library="SeleniumLibrary">
<arg>${CommentsInput}</arg>
<arg>${form_fill_data.comment}</arg>
<doc>Types the given ``text`` into the text field identified by ``locator``.</doc>
<msg timestamp="20230104 15:11:30.551" level="INFO">Typing text 'Hello, this is QA Sofomo test' into text field 'id:field1384_0_0_1370_0_0'.</msg>
<status status="PASS" starttime="20230104 15:11:30.550" endtime="20230104 15:11:30.647"/>
</kw>
<kw name="Sleep" library="BuiltIn">
<arg>0.5s</arg>
<doc>Pauses the test executed for the given time.</doc>
<msg timestamp="20230104 15:11:31.149" level="INFO">Slept 500 milliseconds</msg>
<status status="PASS" starttime="20230104 15:11:30.647" endtime="20230104 15:11:31.150"/>
</kw>
<status status="PASS" starttime="20230104 15:11:30.549" endtime="20230104 15:11:31.150"/>
</kw>
<kw name="Confirm privacy policy" library="ContactForm">
<kw name="Element Attribute Value Should Be" library="SeleniumLibrary">
<arg>${ConfirmPolicyCheckboxInput}</arg>
<arg>value</arg>
<arg>false</arg>
<doc>Verifies element identified by ``locator`` contains expected attribute value.</doc>
<msg timestamp="20230104 15:11:31.176" level="INFO">Element 'xpath://*[@id="blockWrapper1377_0_0_1370_0_0"]/div/div[4]/label/input ' attribute 'value' contains value 'false'.</msg>
<status status="PASS" starttime="20230104 15:11:31.151" endtime="20230104 15:11:31.176"/>
</kw>
<kw name="Click Element" library="SeleniumLibrary">
<arg>${ConfirmPolicyCheckboxBtn}</arg>
<doc>Click the element identified by ``locator``.</doc>
<msg timestamp="20230104 15:11:31.177" level="INFO">Clicking element 'id:forplaceholder_checkbox_field1395_0_0_1370_0_0'.</msg>
<status status="PASS" starttime="20230104 15:11:31.176" endtime="20230104 15:11:31.242"/>
</kw>
<kw name="Element Attribute Value Should Be" library="SeleniumLibrary">
<arg>${ConfirmPolicyCheckboxInput}</arg>
<arg>value</arg>
<arg>true</arg>
<doc>Verifies element identified by ``locator`` contains expected attribute value.</doc>
<msg timestamp="20230104 15:11:31.256" level="INFO">Element 'xpath://*[@id="blockWrapper1377_0_0_1370_0_0"]/div/div[4]/label/input ' attribute 'value' contains value 'true'.</msg>
<status status="PASS" starttime="20230104 15:11:31.242" endtime="20230104 15:11:31.256"/>
</kw>
<kw name="Sleep" library="BuiltIn">
<arg>1s</arg>
<doc>Pauses the test executed for the given time.</doc>
<msg timestamp="20230104 15:11:32.257" level="INFO">Slept 1 second</msg>
<status status="PASS" starttime="20230104 15:11:31.256" endtime="20230104 15:11:32.258"/>
</kw>
<status status="PASS" starttime="20230104 15:11:31.150" endtime="20230104 15:11:32.258"/>
</kw>
<kw name="Sleep" library="BuiltIn">
<arg>5s</arg>
<doc>Pauses the test executed for the given time.</doc>
<msg timestamp="20230104 15:11:37.259" level="INFO">Slept 5 seconds</msg>
<status status="PASS" starttime="20230104 15:11:32.258" endtime="20230104 15:11:37.259"/>
</kw>
<kw name="End Test Case" library="CommonFunctionalities" type="TEARDOWN">
<kw name="Close Browser" library="SeleniumLibrary">
<doc>Closes the current browser.</doc>
<status status="PASS" starttime="20230104 15:11:37.259" endtime="20230104 15:11:37.371"/>
</kw>
<status status="PASS" starttime="20230104 15:11:37.259" endtime="20230104 15:11:37.372"/>
</kw>
<status status="PASS" starttime="20230104 15:11:12.870" endtime="20230104 15:11:37.372"/>
</test>
<doc>Fill contact form for Triple Point</doc>
<status status="PASS" starttime="20230104 15:11:12.718" endtime="20230104 15:11:37.372"/>
</suite>
<statistics>
<total>
<stat pass="1" fail="0" skip="0">All Tests</stat>
</total>
<tag>
</tag>
<suite>
<stat pass="1" fail="0" skip="0" id="s1" name="FillContactFormTest">FillContactFormTest</stat>
</suite>
</statistics>
<errors>
</errors>
</robot>
